[2025-10-19 22:58:51] SpatialCheckPro 시작
[2025-10-19 22:58:51] ConfigureServices 시작
[2025-10-19 22:58:52] ConfigureServices 내부 시작
[2025-10-19 22:58:52] ServiceProvider 빌드 시작
[2025-10-19 22:58:52] ServiceProvider 빌드 완료
[2025-10-19 22:58:52] ConfigureServices 완료
[2025-10-19 22:58:52] MainWindow 생성 시작
[2025-10-19 22:58:52] MainWindow 생성자 시작
[2025-10-19 22:58:52] App 인스턴스: True
[2025-10-19 22:58:52] SimpleValidationService 가져오기 시작
[2025-10-19 22:58:53] SimpleValidationService: True
[2025-10-19 22:58:53] QcErrorService 가져오기 시작
[2025-10-19 22:58:53] QcErrorService: True
[2025-10-19 22:58:53] StageSummaryCollectionViewModel: True
[2025-10-19 22:58:53] AlertAggregationService: True
[2025-10-19 22:58:53] 모든 서비스 초기화 성공
[2025-10-19 22:58:53] MainWindow 표시 완료
[2025-10-20 09:30:05] MainWindow 생성자 시작
[2025-10-20 09:30:05] App 인스턴스: True
[2025-10-20 09:30:05] SimpleValidationService 가져오기 시작
[2025-10-20 09:30:19] MainWindow 생성자 시작
[2025-10-20 09:30:19] App 인스턴스: True
[2025-10-20 09:30:19] SimpleValidationService 가져오기 시작
[2025-10-20 09:32:38] MainWindow 생성자 시작
[2025-10-20 09:32:38] App 인스턴스: True
[2025-10-20 09:32:38] SimpleValidationService 가져오기 시작
[2025-10-20 11:39:04] MainWindow 생성자 시작
[2025-10-20 11:39:04] App 인스턴스: True
[2025-10-20 11:39:04] SimpleValidationService 가져오기 시작
[2025-10-20 11:55:42] MainWindow 생성자 시작
[2025-10-20 11:55:42] App 인스턴스: True
[2025-10-20 11:55:42] SimpleValidationService 가져오기 시작
[2025-10-21 03:30:13] MainWindow 생성자 시작
[2025-10-21 03:30:14] DI 서비스 주입 완료 - ValidationService: True, QcErrorService: True, StageSummaryCollectionViewModel: True, AlertAggregationService: True
[2025-10-21 03:30:14] DI 서비스 초기화 성공
[2025-10-21 05:41:21] MainWindow 생성자 시작
[2025-10-21 05:41:21] DI 서비스 주입 완료 - ValidationService: True, QcErrorService: True, StageSummaryCollectionViewModel: True, AlertAggregationService: True
[2025-10-21 05:41:21] DI 서비스 초기화 성공
[2025-10-21 11:30:22] MainWindow 생성자 시작
[2025-10-21 11:30:23] DI 서비스 주입 완료 - ValidationService: True, QcErrorService: True, StageSummaryCollectionViewModel: True, AlertAggregationService: True
[2025-10-21 11:30:23] DI 서비스 초기화 성공
[2025-10-21 12:08:41] MainWindow 생성자 시작
[2025-10-21 12:08:41] DI 서비스 주입 완료 - ValidationService: True, QcErrorService: True, StageSummaryCollectionViewModel: True, AlertAggregationService: True
[2025-10-21 12:08:41] DI 서비스 초기화 성공
[2025-10-21 15:56:29] MainWindow 생성자 시작
[2025-10-21 15:56:30] DI 서비스 주입 완료 - ValidationService: True, QcErrorService: True, StageSummaryCollectionViewModel: True, AlertAggregationService: True
[2025-10-21 15:56:30] DI 서비스 초기화 성공
[2025-10-22 07:12:52] MainWindow 생성자 시작
[2025-10-22 07:12:52] DI 서비스 주입 완료 - ValidationService: True, QcErrorService: True, StageSummaryCollectionViewModel: True, AlertAggregationService: True
[2025-10-22 07:12:52] DI 서비스 초기화 성공
[2025-10-22 09:50:51] MainWindow 생성자 시작
[2025-10-22 09:50:51] DI 서비스 주입 완료 - ValidationService: True, QcErrorService: True, StageSummaryCollectionViewModel: True, AlertAggregationService: True
[2025-10-22 09:50:51] DI 서비스 초기화 성공
[2025-10-22 09:51:07] MainWindow 생성자 시작
[2025-10-22 09:51:07] DI 서비스 주입 완료 - ValidationService: True, QcErrorService: True, StageSummaryCollectionViewModel: True, AlertAggregationService: True
[2025-10-22 09:51:07] DI 서비스 초기화 성공
[2025-10-22 10:19:13] MainWindow 생성자 시작
[2025-10-22 10:19:14] DI 서비스 주입 완료 - ValidationService: True, QcErrorService: True, StageSummaryCollectionViewModel: True, AlertAggregationService: True
[2025-10-22 10:19:14] DI 서비스 초기화 성공
[2025-10-22 10:48:40] MainWindow 생성자 시작
[2025-10-22 10:48:40] DI 서비스 주입 완료 - ValidationService: True, QcErrorService: True, StageSummaryCollectionViewModel: True, AlertAggregationService: True
[2025-10-22 10:48:40] DI 서비스 초기화 성공
[2025-10-22 12:15:00] MainWindow 생성자 시작
[2025-10-22 12:15:00] DI 서비스 주입 완료 - ValidationService: True, QcErrorService: True, StageSummaryCollectionViewModel: True, AlertAggregationService: True
[2025-10-22 12:15:00] DI 서비스 초기화 성공
[2025-10-25 14:36:38] MainWindow 생성자 시작
[2025-10-25 14:36:38] DI 서비스 주입 완료 - ValidationService: True, QcErrorService: True, StageSummaryCollectionViewModel: True, AlertAggregationService: True
[2025-10-25 14:36:38] DI 서비스 초기화 성공
[2025-10-27 07:38:44] MainWindow 생성자 시작
[2025-10-27 07:38:44] DI 서비스 주입 완료 - ValidationService: True, QcErrorService: True, StageSummaryCollectionViewModel: True, AlertAggregationService: True
[2025-10-27 07:38:44] DI 서비스 초기화 성공
[2025-10-27 13:22:17] MainWindow 생성자 시작
[2025-10-27 13:22:17] DI 서비스 주입 완료 - ValidationService: True, QcErrorService: True, StageSummaryCollectionViewModel: True, AlertAggregationService: True
[2025-10-27 13:22:17] DI 서비스 초기화 성공
[2025-10-27 18:02:52] MainWindow 생성자 시작
[2025-10-27 18:02:52] DI 서비스 주입 완료 - ValidationService: True, QcErrorService: True, StageSummaryCollectionViewModel: True, AlertAggregationService: True
[2025-10-27 18:02:52] DI 서비스 초기화 성공
[2025-11-04 22:57:39] MainWindow 생성자 시작
[2025-11-04 22:57:39] DI 서비스 주입 완료 - ValidationService: True, QcErrorService: True, StageSummaryCollectionViewModel: True, AlertAggregationService: True
[2025-11-04 22:57:39] 어셈블리 정보 로드 시작
[2025-11-04 22:57:39] 어셈블리 정보 로드 완료
[2025-11-04 22:57:39] DI 서비스 초기화 성공
[2025-11-04 22:57:39] 타이머 시작
[2025-11-04 22:57:39] ValidationSettingsView 초기화 시작
[2025-11-04 22:57:39] 기본 설정 파일 경로 초기화 시작
[2025-11-04 22:57:39] 상태 업데이트 시작
[2025-11-04 22:57:39] ValidationSettingsViewModel 생성 시작
[2025-11-04 22:57:39] ValidationSettingsView DataContext 설정
[2025-11-04 22:57:39] MainWindow 생성자 완료
[2025-11-04 23:28:26] MainWindow 생성자 시작
[2025-11-04 23:28:26] DI 서비스 주입 완료 - ValidationService: True, QcErrorService: True, StageSummaryCollectionViewModel: True, AlertAggregationService: True
[2025-11-04 23:28:26] 어셈블리 정보 로드 시작
[2025-11-04 23:28:26] 어셈블리 정보 로드 완료
[2025-11-04 23:28:26] DI 서비스 초기화 성공
[2025-11-04 23:28:26] 타이머 시작
[2025-11-04 23:28:26] ValidationSettingsView 초기화 시작
[2025-11-04 23:28:26] 기본 설정 파일 경로 초기화 시작
[2025-11-04 23:28:26] 상태 업데이트 시작
[2025-11-04 23:28:26] ValidationSettingsViewModel 생성 시작
[2025-11-04 23:28:26] ValidationSettingsView DataContext 설정
[2025-11-04 23:28:26] MainWindow 생성자 완료
[2025-11-04 23:48:06] MainWindow 생성자 시작
[2025-11-04 23:48:06] DI 서비스 주입 완료 - ValidationService: True, QcErrorService: True, StageSummaryCollectionViewModel: True, AlertAggregationService: True
[2025-11-04 23:48:06] 어셈블리 정보 로드 시작
[2025-11-04 23:48:06] 어셈블리 정보 로드 완료
[2025-11-04 23:48:06] DI 서비스 초기화 성공
[2025-11-04 23:48:06] 타이머 시작
[2025-11-04 23:48:06] ValidationSettingsView 초기화 시작
[2025-11-04 23:48:06] 기본 설정 파일 경로 초기화 시작
[2025-11-04 23:48:06] 상태 업데이트 시작
[2025-11-04 23:48:06] ValidationSettingsViewModel 생성 시작
[2025-11-04 23:48:06] ValidationSettingsView DataContext 설정
[2025-11-04 23:48:06] MainWindow 생성자 완료
[2025-11-05 05:58:49] MainWindow 생성자 시작
[2025-11-05 05:58:49] DI 서비스 주입 완료 - ValidationService: True, QcErrorService: True, StageSummaryCollectionViewModel: True, AlertAggregationService: True
[2025-11-05 05:58:49] 어셈블리 정보 로드 시작
[2025-11-05 05:58:49] 어셈블리 정보 로드 완료
[2025-11-05 05:58:49] DI 서비스 초기화 성공
[2025-11-05 05:58:49] 타이머 시작
[2025-11-05 05:58:49] ValidationSettingsView 초기화 시작
[2025-11-05 05:58:49] 기본 설정 파일 경로 초기화 시작
[2025-11-05 05:58:49] 상태 업데이트 시작
[2025-11-05 05:58:49] ValidationSettingsViewModel 생성 시작
[2025-11-05 05:58:49] ValidationSettingsView DataContext 설정
[2025-11-05 05:58:49] MainWindow 생성자 완료
[2025-11-05 06:37:03] MainWindow 생성자 시작
[2025-11-05 06:37:03] DI 서비스 주입 완료 - ValidationService: True, QcErrorService: True, StageSummaryCollectionViewModel: True, AlertAggregationService: True
[2025-11-05 06:37:03] 어셈블리 정보 로드 시작
[2025-11-05 06:37:03] 어셈블리 정보 로드 완료
[2025-11-05 06:37:03] DI 서비스 초기화 성공
[2025-11-05 06:37:03] 타이머 시작
[2025-11-05 06:37:03] ValidationSettingsView 초기화 시작
[2025-11-05 06:37:03] 기본 설정 파일 경로 초기화 시작
[2025-11-05 06:37:03] 상태 업데이트 시작
[2025-11-05 06:37:03] ValidationSettingsViewModel 생성 시작
[2025-11-05 06:37:03] ValidationSettingsView DataContext 설정
[2025-11-05 06:37:03] MainWindow 생성자 완료
[2025-11-05 07:03:01] MainWindow 생성자 시작
[2025-11-05 07:03:01] DI 서비스 주입 완료 - ValidationService: True, QcErrorService: True, StageSummaryCollectionViewModel: True, AlertAggregationService: True
[2025-11-05 07:03:01] 어셈블리 정보 로드 시작
[2025-11-05 07:03:01] 어셈블리 정보 로드 완료
[2025-11-05 07:03:01] DI 서비스 초기화 성공
[2025-11-05 07:03:01] 타이머 시작
[2025-11-05 07:03:01] ValidationSettingsView 초기화 시작
[2025-11-05 07:03:01] 기본 설정 파일 경로 초기화 시작
[2025-11-05 07:03:01] 상태 업데이트 시작
[2025-11-05 07:03:01] ValidationSettingsViewModel 생성 시작
[2025-11-05 07:03:01] ValidationSettingsView DataContext 설정
[2025-11-05 07:03:01] MainWindow 생성자 완료
[2025-11-05 18:36:36] MainWindow 생성자 시작
[2025-11-05 18:36:36] DI 서비스 주입 완료 - ValidationService: True, QcErrorService: True, StageSummaryCollectionViewModel: True, AlertAggregationService: True
[2025-11-05 18:36:36] 어셈블리 정보 로드 시작
[2025-11-05 18:36:36] 어셈블리 정보 로드 완료
[2025-11-05 18:36:36] DI 서비스 초기화 성공
[2025-11-05 18:36:36] 타이머 시작
[2025-11-05 18:36:36] ValidationSettingsView 초기화 시작
[2025-11-05 18:36:36] 기본 설정 파일 경로 초기화 시작
[2025-11-05 18:36:36] 상태 업데이트 시작
[2025-11-05 18:36:36] ValidationSettingsViewModel 생성 시작
[2025-11-05 18:36:36] ValidationSettingsView DataContext 설정
[2025-11-05 18:36:36] MainWindow 생성자 완료
[2025-11-05 18:49:21] MainWindow 생성자 시작
[2025-11-05 18:49:21] DI 서비스 주입 완료 - ValidationService: True, QcErrorService: True, StageSummaryCollectionViewModel: True, AlertAggregationService: True
[2025-11-05 18:49:21] 어셈블리 정보 로드 시작
[2025-11-05 18:49:21] 어셈블리 정보 로드 완료
[2025-11-05 18:49:21] DI 서비스 초기화 성공
[2025-11-05 18:49:21] 타이머 시작
[2025-11-05 18:49:21] ValidationSettingsView 초기화 시작
[2025-11-05 18:49:21] 기본 설정 파일 경로 초기화 시작
[2025-11-05 18:49:21] 상태 업데이트 시작
[2025-11-05 18:49:21] ValidationSettingsViewModel 생성 시작
[2025-11-05 18:49:21] ValidationSettingsView DataContext 설정
[2025-11-05 18:49:21] MainWindow 생성자 완료
[2025-11-08 07:19:31] MainWindow 생성자 시작
[2025-11-08 07:19:31] DI 서비스 주입 완료 - ValidationService: True, QcErrorService: True, StageSummaryCollectionViewModel: True, AlertAggregationService: True
[2025-11-08 07:19:31] 어셈블리 정보 로드 시작
[2025-11-08 07:19:31] 어셈블리 정보 로드 완료
[2025-11-08 07:19:31] DI 서비스 초기화 성공
[2025-11-08 07:19:31] 타이머 시작
[2025-11-08 07:19:31] ValidationSettingsView 초기화 시작
[2025-11-08 07:19:31] 기본 설정 파일 경로 초기화 시작
[2025-11-08 07:19:31] 상태 업데이트 시작
[2025-11-08 07:19:31] ValidationSettingsViewModel 생성 시작
[2025-11-08 07:19:31] ValidationSettingsView DataContext 설정
[2025-11-08 07:19:31] MainWindow 생성자 완료
[2025-11-08 07:48:01] MainWindow 생성자 시작
[2025-11-08 07:48:01] DI 서비스 주입 완료 - ValidationService: True, QcErrorService: True, StageSummaryCollectionViewModel: True, AlertAggregationService: True
[2025-11-08 07:48:01] 어셈블리 정보 로드 시작
[2025-11-08 07:48:01] 어셈블리 정보 로드 완료
[2025-11-08 07:48:01] DI 서비스 초기화 성공
[2025-11-08 07:48:01] 타이머 시작
[2025-11-08 07:48:01] ValidationSettingsView 초기화 시작
[2025-11-08 07:48:01] 기본 설정 파일 경로 초기화 시작
[2025-11-08 07:48:01] 상태 업데이트 시작
[2025-11-08 07:48:01] ValidationSettingsViewModel 생성 시작
[2025-11-08 07:48:01] ValidationSettingsView DataContext 설정
[2025-11-08 07:48:01] MainWindow 생성자 완료
[2025-11-08 08:31:05] MainWindow 생성자 시작
[2025-11-08 08:31:05] DI 서비스 주입 완료 - ValidationService: True, QcErrorService: True, StageSummaryCollectionViewModel: True, AlertAggregationService: True
[2025-11-08 08:31:05] 어셈블리 정보 로드 시작
[2025-11-08 08:31:05] 어셈블리 정보 로드 완료
[2025-11-08 08:31:05] DI 서비스 초기화 성공
[2025-11-08 08:31:05] 타이머 시작
[2025-11-08 08:31:05] ValidationSettingsView 초기화 시작
[2025-11-08 08:31:05] 기본 설정 파일 경로 초기화 시작
[2025-11-08 08:31:05] 상태 업데이트 시작
[2025-11-08 08:31:05] ValidationSettingsViewModel 생성 시작
[2025-11-08 08:31:05] ValidationSettingsView DataContext 설정
[2025-11-08 08:31:05] MainWindow 생성자 완료
[2025-11-08 08:41:22] MainWindow 생성자 시작
[2025-11-08 08:41:22] DI 서비스 주입 완료 - ValidationService: True, QcErrorService: True, StageSummaryCollectionViewModel: True, AlertAggregationService: True
[2025-11-08 08:41:22] 어셈블리 정보 로드 시작
[2025-11-08 08:41:22] 어셈블리 정보 로드 완료
[2025-11-08 08:41:22] DI 서비스 초기화 성공
[2025-11-08 08:41:22] 타이머 시작
[2025-11-08 08:41:22] ValidationSettingsView 초기화 시작
[2025-11-08 08:41:22] 기본 설정 파일 경로 초기화 시작
[2025-11-08 08:41:22] 상태 업데이트 시작
[2025-11-08 08:41:22] ValidationSettingsViewModel 생성 시작
[2025-11-08 08:41:22] ValidationSettingsView DataContext 설정
[2025-11-08 08:41:22] MainWindow 생성자 완료
[2025-11-08 16:50:50] MainWindow 생성자 시작
[2025-11-08 16:50:50] DI 서비스 주입 완료 - ValidationService: True, QcErrorService: True, StageSummaryCollectionViewModel: True, AlertAggregationService: True
[2025-11-08 16:50:50] 어셈블리 정보 로드 시작
[2025-11-08 16:50:50] 어셈블리 정보 로드 완료
[2025-11-08 16:50:50] DI 서비스 초기화 성공
[2025-11-08 16:50:50] 타이머 시작
[2025-11-08 16:50:50] ValidationSettingsView 초기화 시작
[2025-11-08 16:50:50] 기본 설정 파일 경로 초기화 시작
[2025-11-08 16:50:50] 상태 업데이트 시작
[2025-11-08 16:50:50] ValidationSettingsViewModel 생성 시작
[2025-11-08 16:50:50] ValidationSettingsView DataContext 설정
[2025-11-08 16:50:50] MainWindow 생성자 완료
[2025-11-08 17:13:26] MainWindow 생성자 시작
[2025-11-08 17:13:26] DI 서비스 주입 완료 - ValidationService: True, QcErrorService: True, StageSummaryCollectionViewModel: True, AlertAggregationService: True
[2025-11-08 17:13:26] 어셈블리 정보 로드 시작
[2025-11-08 17:13:26] 어셈블리 정보 로드 완료
[2025-11-08 17:13:26] DI 서비스 초기화 성공
[2025-11-08 17:13:26] 타이머 시작
[2025-11-08 17:13:26] ValidationSettingsView 초기화 시작
[2025-11-08 17:13:26] 기본 설정 파일 경로 초기화 시작
[2025-11-08 17:13:26] 상태 업데이트 시작
[2025-11-08 17:13:26] ValidationSettingsViewModel 생성 시작
[2025-11-08 17:13:26] ValidationSettingsView DataContext 설정
[2025-11-08 17:13:26] MainWindow 생성자 완료
[2025-11-08 18:16:15] MainWindow 생성자 시작
[2025-11-08 18:16:15] DI 서비스 주입 완료 - ValidationService: True, QcErrorService: True, StageSummaryCollectionViewModel: True, AlertAggregationService: True
[2025-11-08 18:16:15] 어셈블리 정보 로드 시작
[2025-11-08 18:16:15] 어셈블리 정보 로드 완료
[2025-11-08 18:16:15] DI 서비스 초기화 성공
[2025-11-08 18:16:15] 타이머 시작
[2025-11-08 18:16:15] ValidationSettingsView 초기화 시작
[2025-11-08 18:16:15] 기본 설정 파일 경로 초기화 시작
[2025-11-08 18:16:15] 상태 업데이트 시작
[2025-11-08 18:16:15] ValidationSettingsViewModel 생성 시작
[2025-11-08 18:16:15] ValidationSettingsView DataContext 설정
[2025-11-08 18:16:15] MainWindow 생성자 완료
